2025-03-26 16:09:24,984 - app - DEBUG - Loading JSON file from: C:\Users\David\OneDrive\Documents\00WebDev\00Projects\theDevilsDictionary\data\c.json
2025-03-26 16:09:27,084 - app - DEBUG - Loading JSON file from: C:\Users\David\OneDrive\Documents\00WebDev\00Projects\theDevilsDictionary\data\t.json
2025-03-26 16:09:30,627 - app - DEBUG - Loading JSON file from: C:\Users\David\OneDrive\Documents\00WebDev\00Projects\theDevilsDictionary\data\t.json
2025-03-26 16:10:00,224 - app - DEBUG - Loading JSON file from: C:\Users\David\OneDrive\Documents\00WebDev\00Projects\theDevilsDictionary\data\t.json
2025-03-26 16:10:01,384 - app - DEBUG - Loading JSON file from: C:\Users\David\OneDrive\Documents\00WebDev\00Projects\theDevilsDictionary\data\t.json
2025-03-26 16:10:06,484 - app - DEBUG - Loading JSON file from: C:\Users\David\OneDrive\Documents\00WebDev\00Projects\theDevilsDictionary\data\t.json
2025-03-26 16:10:28,540 - app - DEBUG - Loading JSON file from: C:\Users\David\OneDrive\Documents\00WebDev\00Projects\theDevilsDictionary\data\i.json
2025-03-26 16:10:31,069 - app - DEBUG - Loading JSON file from: C:\Users\David\OneDrive\Documents\00WebDev\00Projects\theDevilsDictionary\data\t.json
2025-03-26 16:10:39,879 - app - DEBUG - Loading JSON file from: C:\Users\David\OneDrive\Documents\00WebDev\00Projects\theDevilsDictionary\data\t.json
2025-03-26 16:17:11,995 - app - DEBUG - Loading JSON file from: C:\Users\David\OneDrive\Documents\00WebDev\00Projects\theDevilsDictionary\data\i.json
2025-03-26 16:17:14,866 - app - DEBUG - Loading JSON file from: C:\Users\David\OneDrive\Documents\00WebDev\00Projects\theDevilsDictionary\data\t.json
2025-03-26 16:17:19,045 - app - DEBUG - Loading JSON file from: C:\Users\David\OneDrive\Documents\00WebDev\00Projects\theDevilsDictionary\data\t.json
2025-03-26 16:25:10,125 - app - DEBUG - Loading JSON file from: C:\Users\David\OneDrive\Documents\00WebDev\00Projects\theDevilsDictionary\data\r.json
2025-03-26 16:25:29,365 - app - DEBUG - Loading JSON file from: C:\Users\David\OneDrive\Documents\00WebDev\00Projects\theDevilsDictionary\data\a.json
2025-03-26 16:25:49,955 - app - DEBUG - Loading JSON file from: C:\Users\David\OneDrive\Documents\00WebDev\00Projects\theDevilsDictionary\data\a.json
2025-03-26 16:25:51,485 - app - DEBUG - Loading JSON file from: C:\Users\David\OneDrive\Documents\00WebDev\00Projects\theDevilsDictionary\data\a.json
2025-03-26 16:25:53,245 - app - DEBUG - Loading JSON file from: C:\Users\David\OneDrive\Documents\00WebDev\00Projects\theDevilsDictionary\data\a.json
2025-03-26 16:26:09,395 - app - DEBUG - Loading JSON file from: C:\Users\David\OneDrive\Documents\00WebDev\00Projects\theDevilsDictionary\data\a.json
2025-03-26 16:26:10,331 - app - DEBUG - Loading JSON file from: C:\Users\David\OneDrive\Documents\00WebDev\00Projects\theDevilsDictionary\data\a.json
2025-03-26 16:26:11,855 - app - DEBUG - Loading JSON file from: C:\Users\David\OneDrive\Documents\00WebDev\00Projects\theDevilsDictionary\data\a.json
2025-03-26 16:27:09,725 - app - DEBUG - Loading JSON file from: C:\Users\David\OneDrive\Documents\00WebDev\00Projects\theDevilsDictionary\data\a.json
2025-03-26 16:27:21,705 - app - DEBUG - Loading JSON file from: C:\Users\David\OneDrive\Documents\00WebDev\00Projects\theDevilsDictionary\data\b.json
2025-03-26 16:27:33,503 - app - DEBUG - Loading JSON file from: C:\Users\David\OneDrive\Documents\00WebDev\00Projects\theDevilsDictionary\data\s.json
2025-03-26 16:28:12,245 - app - DEBUG - Loading JSON file from: C:\Users\David\OneDrive\Documents\00WebDev\00Projects\theDevilsDictionary\data\d.json
2025-03-26 16:28:14,563 - app - DEBUG - Loading JSON file from: C:\Users\David\OneDrive\Documents\00WebDev\00Projects\theDevilsDictionary\data\c.json
2025-03-26 16:29:09,335 - app - DEBUG - Loading JSON file from: C:\Users\David\OneDrive\Documents\00WebDev\00Projects\theDevilsDictionary\data\c.json
2025-03-26 16:29:21,470 - app - DEBUG - Loading JSON file from: C:\Users\David\OneDrive\Documents\00WebDev\00Projects\theDevilsDictionary\data\c.json
2025-03-26 16:29:31,795 - app - DEBUG - Loading JSON file from: C:\Users\David\OneDrive\Documents\00WebDev\00Projects\theDevilsDictionary\data\l.json
2025-03-26 16:29:58,950 - app - DEBUG - Loading JSON file from: C:\Users\David\OneDrive\Documents\00WebDev\00Projects\theDevilsDictionary\data\z.json
2025-03-26 16:30:13,782 - app - DEBUG - Loading JSON file from: C:\Users\David\OneDrive\Documents\00WebDev\00Projects\theDevilsDictionary\data\i.json
2025-03-26 16:30:30,849 - app - DEBUG - Loading JSON file from: C:\Users\David\OneDrive\Documents\00WebDev\00Projects\theDevilsDictionary\data\b.json
2025-03-26 16:30:43,646 - app - DEBUG - Loading JSON file from: C:\Users\David\OneDrive\Documents\00WebDev\00Projects\theDevilsDictionary\data\t.json
2025-03-26 16:32:15,305 - app - DEBUG - Loading JSON file from: C:\Users\David\OneDrive\Documents\00WebDev\00Projects\theDevilsDictionary\data\i.json
2025-03-26 16:32:19,280 - app - DEBUG - Loading JSON file from: C:\Users\David\OneDrive\Documents\00WebDev\00Projects\theDevilsDictionary\data\s.json
2025-03-26 16:32:48,357 - app - DEBUG - Loading JSON file from: C:\Users\David\OneDrive\Documents\00WebDev\00Projects\theDevilsDictionary\data\s.json
2025-03-26 16:32:49,546 - app - DEBUG - Loading JSON file from: C:\Users\David\OneDrive\Documents\00WebDev\00Projects\theDevilsDictionary\data\s.json
2025-03-26 16:32:51,005 - app - DEBUG - Loading JSON file from: C:\Users\David\OneDrive\Documents\00WebDev\00Projects\theDevilsDictionary\data\s.json
2025-03-26 16:32:51,809 - app - DEBUG - Loading JSON file from: C:\Users\David\OneDrive\Documents\00WebDev\00Projects\theDevilsDictionary\data\s.json
2025-03-26 16:32:53,495 - app - DEBUG - Loading JSON file from: C:\Users\David\OneDrive\Documents\00WebDev\00Projects\theDevilsDictionary\data\h.json
2025-03-26 16:32:59,230 - app - DEBUG - Loading JSON file from: C:\Users\David\OneDrive\Documents\00WebDev\00Projects\theDevilsDictionary\data\h.json
2025-03-26 16:33:11,237 - app - DEBUG - Loading JSON file from: C:\Users\David\OneDrive\Documents\00WebDev\00Projects\theDevilsDictionary\data\h.json
2025-03-26 16:33:15,896 - app - DEBUG - Loading JSON file from: C:\Users\David\OneDrive\Documents\00WebDev\00Projects\theDevilsDictionary\data\x.json
2025-03-26 16:34:01,576 - app - DEBUG - Loading JSON file from: C:\Users\David\OneDrive\Documents\00WebDev\00Projects\theDevilsDictionary\data\y.json
2025-03-26 16:34:02,766 - app - DEBUG - Loading JSON file from: C:\Users\David\OneDrive\Documents\00WebDev\00Projects\theDevilsDictionary\data\w.json
2025-03-26 16:34:05,656 - app - DEBUG - Loading JSON file from: C:\Users\David\OneDrive\Documents\00WebDev\00Projects\theDevilsDictionary\data\f.json
2025-03-26 16:35:03,835 - app - DEBUG - Loading JSON file from: C:\Users\David\OneDrive\Documents\00WebDev\00Projects\theDevilsDictionary\data\t.json
2025-03-26 16:35:14,746 - app - DEBUG - Loading JSON file from: C:\Users\David\OneDrive\Documents\00WebDev\00Projects\theDevilsDictionary\data\o.json
2025-03-26 16:35:54,131 - app - DEBUG - Loading JSON file from: C:\Users\David\OneDrive\Documents\00WebDev\00Projects\theDevilsDictionary\data\f.json
2025-03-26 16:36:17,324 - app - DEBUG - Loading JSON file from: C:\Users\David\OneDrive\Documents\00WebDev\00Projects\theDevilsDictionary\data\x.json
2025-03-26 16:36:31,929 - app - DEBUG - Loading JSON file from: C:\Users\David\OneDrive\Documents\00WebDev\00Projects\theDevilsDictionary\data\h.json
2025-03-26 16:36:47,796 - app - DEBUG - Loading JSON file from: C:\Users\David\OneDrive\Documents\00WebDev\00Projects\theDevilsDictionary\data\l.json
2025-03-26 16:37:13,426 - app - DEBUG - Loading JSON file from: C:\Users\David\OneDrive\Documents\00WebDev\00Projects\theDevilsDictionary\data\m.json
2025-03-26 16:37:57,470 - app - DEBUG - Loading JSON file from: C:\Users\David\OneDrive\Documents\00WebDev\00Projects\theDevilsDictionary\data\r.json
2025-03-26 16:39:50,816 - app - DEBUG - Loading JSON file from: C:\Users\David\OneDrive\Documents\00WebDev\00Projects\theDevilsDictionary\data\n.json
2025-03-26 16:39:55,676 - app - DEBUG - Loading JSON file from: C:\Users\David\OneDrive\Documents\00WebDev\00Projects\theDevilsDictionary\data\e.json
2025-03-26 16:40:08,026 - app - DEBUG - Loading JSON file from: C:\Users\David\OneDrive\Documents\00WebDev\00Projects\theDevilsDictionary\data\t.json
2025-03-26 16:40:18,526 - app - DEBUG - Loading JSON file from: C:\Users\David\OneDrive\Documents\00WebDev\00Projects\theDevilsDictionary\data\e.json
2025-03-26 16:41:32,806 - app - DEBUG - Loading JSON file from: C:\Users\David\OneDrive\Documents\00WebDev\00Projects\theDevilsDictionary\data\t.json
2025-03-26 16:41:50,093 - app - DEBUG - Loading JSON file from: C:\Users\David\OneDrive\Documents\00WebDev\00Projects\theDevilsDictionary\data\u.json
2025-03-26 16:41:52,139 - app - DEBUG - Loading JSON file from: C:\Users\David\OneDrive\Documents\00WebDev\00Projects\theDevilsDictionary\data\a.json
2025-03-26 16:41:53,108 - app - DEBUG - Loading JSON file from: C:\Users\David\OneDrive\Documents\00WebDev\00Projects\theDevilsDictionary\data\w.json
2025-03-26 16:41:55,194 - app - DEBUG - Loading JSON file from: C:\Users\David\OneDrive\Documents\00WebDev\00Projects\theDevilsDictionary\data\s.json
2025-03-26 16:41:56,040 - app - DEBUG - Loading JSON file from: C:\Users\David\OneDrive\Documents\00WebDev\00Projects\theDevilsDictionary\data\x.json
2025-03-26 16:44:33,878 - app - DEBUG - Loading JSON file from: C:\Users\David\OneDrive\Documents\00WebDev\00Projects\theDevilsDictionary\data\r.json
2025-03-26 16:44:44,556 - app - DEBUG - Loading JSON file from: C:\Users\David\OneDrive\Documents\00WebDev\00Projects\theDevilsDictionary\data\t.json
2025-03-26 16:44:46,176 - app - DEBUG - Loading JSON file from: C:\Users\David\OneDrive\Documents\00WebDev\00Projects\theDevilsDictionary\data\o.json
2025-03-26 16:44:50,228 - app - DEBUG - Loading JSON file from: C:\Users\David\OneDrive\Documents\00WebDev\00Projects\theDevilsDictionary\data\b.json
2025-03-26 16:45:01,547 - app - DEBUG - Loading JSON file from: C:\Users\David\OneDrive\Documents\00WebDev\00Projects\theDevilsDictionary\data\i.json
2025-03-26 16:46:13,820 - app - DEBUG - Loading JSON file from: C:\Users\David\OneDrive\Documents\00WebDev\00Projects\theDevilsDictionary\data\e.json
2025-03-26 16:47:06,346 - app - DEBUG - Loading JSON file from: C:\Users\David\OneDrive\Documents\00WebDev\00Projects\theDevilsDictionary\data\x.json
2025-03-26 16:47:26,886 - app - DEBUG - Loading JSON file from: C:\Users\David\OneDrive\Documents\00WebDev\00Projects\theDevilsDictionary\data\p.json
2025-03-26 16:47:43,567 - app - DEBUG - Loading JSON file from: C:\Users\David\OneDrive\Documents\00WebDev\00Projects\theDevilsDictionary\data\t.json
2025-03-26 16:47:45,626 - app - DEBUG - Loading JSON file from: C:\Users\David\OneDrive\Documents\00WebDev\00Projects\theDevilsDictionary\data\b.json
2025-03-26 16:47:47,591 - app - DEBUG - Loading JSON file from: C:\Users\David\OneDrive\Documents\00WebDev\00Projects\theDevilsDictionary\data\z.json
2025-03-26 16:47:51,156 - app - DEBUG - Loading JSON file from: C:\Users\David\OneDrive\Documents\00WebDev\00Projects\theDevilsDictionary\data\g.json
2025-03-26 16:47:58,091 - app - DEBUG - Loading JSON file from: C:\Users\David\OneDrive\Documents\00WebDev\00Projects\theDevilsDictionary\data\w.json
2025-03-26 16:48:20,167 - app - DEBUG - Loading JSON file from: C:\Users\David\OneDrive\Documents\00WebDev\00Projects\theDevilsDictionary\data\l.json
2025-03-26 16:49:06,008 - app - DEBUG - Loading JSON file from: C:\Users\David\OneDrive\Documents\00WebDev\00Projects\theDevilsDictionary\data\l.json
2025-03-26 16:49:12,614 - app - DEBUG - Loading JSON file from: C:\Users\David\OneDrive\Documents\00WebDev\00Projects\theDevilsDictionary\data\l.json
2025-03-26 16:49:32,091 - app - DEBUG - Loading JSON file from: C:\Users\David\OneDrive\Documents\00WebDev\00Projects\theDevilsDictionary\data\n.json
2025-03-26 16:49:52,256 - app - DEBUG - Loading JSON file from: C:\Users\David\OneDrive\Documents\00WebDev\00Projects\theDevilsDictionary\data\e.json
2025-03-26 16:50:00,198 - app - DEBUG - Loading JSON file from: C:\Users\David\OneDrive\Documents\00WebDev\00Projects\theDevilsDictionary\data\c.json
2025-03-26 16:50:03,082 - app - DEBUG - Loading JSON file from: C:\Users\David\OneDrive\Documents\00WebDev\00Projects\theDevilsDictionary\data\i.json
2025-03-26 16:50:27,369 - app - DEBUG - Loading JSON file from: C:\Users\David\OneDrive\Documents\00WebDev\00Projects\theDevilsDictionary\data\c.json
2025-03-26 16:50:28,695 - app - DEBUG - Loading JSON file from: C:\Users\David\OneDrive\Documents\00WebDev\00Projects\theDevilsDictionary\data\b.json
2025-03-26 16:51:10,279 - app - DEBUG - Loading JSON file from: C:\Users\David\OneDrive\Documents\00WebDev\00Projects\theDevilsDictionary\data\a.json
2025-03-26 16:51:22,398 - app - DEBUG - Loading JSON file from: C:\Users\David\OneDrive\Documents\00WebDev\00Projects\theDevilsDictionary\data\t.json
2025-03-26 16:52:00,947 - app - DEBUG - Loading JSON file from: C:\Users\David\OneDrive\Documents\00WebDev\00Projects\theDevilsDictionary\data\t.json
2025-03-26 16:52:03,227 - app - DEBUG - Loading JSON file from: C:\Users\David\OneDrive\Documents\00WebDev\00Projects\theDevilsDictionary\data\b.json
2025-03-26 16:52:03,872 - app - DEBUG - Loading JSON file from: C:\Users\David\OneDrive\Documents\00WebDev\00Projects\theDevilsDictionary\data\x.json
2025-03-26 16:52:06,049 - app - DEBUG - Loading JSON file from: C:\Users\David\OneDrive\Documents\00WebDev\00Projects\theDevilsDictionary\data\o.json
2025-03-26 16:52:18,422 - app - DEBUG - Loading JSON file from: C:\Users\David\OneDrive\Documents\00WebDev\00Projects\theDevilsDictionary\data\h.json
2025-03-26 16:56:33,727 - app - DEBUG - Loading JSON file from: C:\Users\David\OneDrive\Documents\00WebDev\00Projects\theDevilsDictionary\data\h.json
2025-03-26 16:56:41,557 - app - DEBUG - Loading JSON file from: C:\Users\David\OneDrive\Documents\00WebDev\00Projects\theDevilsDictionary\data\o.json
2025-03-26 16:58:08,507 - app - DEBUG - Loading JSON file from: C:\Users\David\OneDrive\Documents\00WebDev\00Projects\theDevilsDictionary\data\h.json
2025-03-26 16:58:09,645 - app - DEBUG - Loading JSON file from: C:\Users\David\OneDrive\Documents\00WebDev\00Projects\theDevilsDictionary\data\p.json
2025-03-26 16:59:16,377 - app - DEBUG - Loading JSON file from: C:\Users\David\OneDrive\Documents\00WebDev\00Projects\theDevilsDictionary\data\b.json
2025-03-26 16:59:19,860 - app - DEBUG - Loading JSON file from: C:\Users\David\OneDrive\Documents\00WebDev\00Projects\theDevilsDictionary\data\g.json
2025-03-26 16:59:49,867 - app - DEBUG - Loading JSON file from: C:\Users\David\OneDrive\Documents\00WebDev\00Projects\theDevilsDictionary\data\t.json
2025-03-26 17:00:15,597 - app - DEBUG - Loading JSON file from: C:\Users\David\OneDrive\Documents\00WebDev\00Projects\theDevilsDictionary\data\t.json
2025-03-26 17:00:50,537 - app - DEBUG - Loading JSON file from: C:\Users\David\OneDrive\Documents\00WebDev\00Projects\theDevilsDictionary\data\x.json
2025-03-26 17:00:52,988 - app - DEBUG - Loading JSON file from: C:\Users\David\OneDrive\Documents\00WebDev\00Projects\theDevilsDictionary\data\a.json
2025-03-26 17:01:10,967 - app - DEBUG - Loading JSON file from: C:\Users\David\OneDrive\Documents\00WebDev\00Projects\theDevilsDictionary\data\b.json
2025-03-26 17:01:12,217 - app - DEBUG - Loading JSON file from: C:\Users\David\OneDrive\Documents\00WebDev\00Projects\theDevilsDictionary\data\c.json
2025-03-26 17:01:12,878 - app - DEBUG - Loading JSON file from: C:\Users\David\OneDrive\Documents\00WebDev\00Projects\theDevilsDictionary\data\d.json
2025-03-26 17:01:13,398 - app - DEBUG - Loading JSON file from: C:\Users\David\OneDrive\Documents\00WebDev\00Projects\theDevilsDictionary\data\e.json
2025-03-26 17:01:13,818 - app - DEBUG - Loading JSON file from: C:\Users\David\OneDrive\Documents\00WebDev\00Projects\theDevilsDictionary\data\f.json
2025-03-26 17:01:14,338 - app - DEBUG - Loading JSON file from: C:\Users\David\OneDrive\Documents\00WebDev\00Projects\theDevilsDictionary\data\g.json
2025-03-26 17:01:14,787 - app - DEBUG - Loading JSON file from: C:\Users\David\OneDrive\Documents\00WebDev\00Projects\theDevilsDictionary\data\h.json
2025-03-26 17:01:15,210 - app - DEBUG - Loading JSON file from: C:\Users\David\OneDrive\Documents\00WebDev\00Projects\theDevilsDictionary\data\i.json
2025-03-26 17:01:15,613 - app - DEBUG - Loading JSON file from: C:\Users\David\OneDrive\Documents\00WebDev\00Projects\theDevilsDictionary\data\j.json
2025-03-26 17:01:16,367 - app - DEBUG - Loading JSON file from: C:\Users\David\OneDrive\Documents\00WebDev\00Projects\theDevilsDictionary\data\k.json
2025-03-26 17:01:16,936 - app - DEBUG - Loading JSON file from: C:\Users\David\OneDrive\Documents\00WebDev\00Projects\theDevilsDictionary\data\l.json
2025-03-26 17:01:17,417 - app - DEBUG - Loading JSON file from: C:\Users\David\OneDrive\Documents\00WebDev\00Projects\theDevilsDictionary\data\m.json
2025-03-26 17:01:17,937 - app - DEBUG - Loading JSON file from: C:\Users\David\OneDrive\Documents\00WebDev\00Projects\theDevilsDictionary\data\n.json
2025-03-26 17:01:18,487 - app - DEBUG - Loading JSON file from: C:\Users\David\OneDrive\Documents\00WebDev\00Projects\theDevilsDictionary\data\o.json
2025-03-26 17:01:18,896 - app - DEBUG - Loading JSON file from: C:\Users\David\OneDrive\Documents\00WebDev\00Projects\theDevilsDictionary\data\p.json
2025-03-26 17:01:19,357 - app - DEBUG - Loading JSON file from: C:\Users\David\OneDrive\Documents\00WebDev\00Projects\theDevilsDictionary\data\q.json
2025-03-26 17:01:19,797 - app - DEBUG - Loading JSON file from: C:\Users\David\OneDrive\Documents\00WebDev\00Projects\theDevilsDictionary\data\r.json
2025-03-26 17:01:20,227 - app - DEBUG - Loading JSON file from: C:\Users\David\OneDrive\Documents\00WebDev\00Projects\theDevilsDictionary\data\s.json
2025-03-26 17:01:20,737 - app - DEBUG - Loading JSON file from: C:\Users\David\OneDrive\Documents\00WebDev\00Projects\theDevilsDictionary\data\t.json
2025-03-26 17:01:21,218 - app - DEBUG - Loading JSON file from: C:\Users\David\OneDrive\Documents\00WebDev\00Projects\theDevilsDictionary\data\u.json
2025-03-26 17:01:21,698 - app - DEBUG - Loading JSON file from: C:\Users\David\OneDrive\Documents\00WebDev\00Projects\theDevilsDictionary\data\v.json
2025-03-26 17:01:22,177 - app - DEBUG - Loading JSON file from: C:\Users\David\OneDrive\Documents\00WebDev\00Projects\theDevilsDictionary\data\w.json
2025-03-26 17:01:23,295 - app - DEBUG - Loading JSON file from: C:\Users\David\OneDrive\Documents\00WebDev\00Projects\theDevilsDictionary\data\x.json
2025-03-26 17:01:23,907 - app - DEBUG - Loading JSON file from: C:\Users\David\OneDrive\Documents\00WebDev\00Projects\theDevilsDictionary\data\y.json
2025-03-26 17:03:44,558 - app - DEBUG - Loading JSON file from: C:\Users\David\OneDrive\Documents\00WebDev\00Projects\theDevilsDictionary\data\m.json
2025-03-26 17:03:55,908 - app - DEBUG - Loading JSON file from: C:\Users\David\OneDrive\Documents\00WebDev\00Projects\theDevilsDictionary\data\x.json
2025-03-26 17:03:58,501 - app - DEBUG - Loading JSON file from: C:\Users\David\OneDrive\Documents\00WebDev\00Projects\theDevilsDictionary\data\p.json
2025-03-26 17:04:22,905 - app - DEBUG - Loading JSON file from: C:\Users\David\OneDrive\Documents\00WebDev\00Projects\theDevilsDictionary\data\q.json
2025-03-26 17:04:36,638 - app - DEBUG - Loading JSON file from: C:\Users\David\OneDrive\Documents\00WebDev\00Projects\theDevilsDictionary\data\q.json
2025-03-26 17:04:49,508 - app - DEBUG - Loading JSON file from: C:\Users\David\OneDrive\Documents\00WebDev\00Projects\theDevilsDictionary\data\t.json
2025-03-26 17:05:01,998 - app - DEBUG - Loading JSON file from: C:\Users\David\OneDrive\Documents\00WebDev\00Projects\theDevilsDictionary\data\s.json
2025-03-26 17:05:03,768 - app - DEBUG - Loading JSON file from: C:\Users\David\OneDrive\Documents\00WebDev\00Projects\theDevilsDictionary\data\c.json
2025-03-26 17:05:23,364 - app - DEBUG - Loading JSON file from: C:\Users\David\OneDrive\Documents\00WebDev\00Projects\theDevilsDictionary\data\w.json
